d:\huang\huang yuanmin\fdu\2019-2020fdu notes\1 at ncsu\game engine foundation\code\homework3\networkedgameclient2\debug\vc142.pdb
d:\huang\huang yuanmin\fdu\2019-2020fdu notes\1 at ncsu\game engine foundation\code\homework3\networkedgameclient2\debug\vc142.idb
d:\huang\huang yuanmin\fdu\2019-2020fdu notes\1 at ncsu\game engine foundation\code\homework3\networkedgameclient2\debug\main.obj
d:\huang\huang yuanmin\fdu\2019-2020fdu notes\1 at ncsu\game engine foundation\code\homework3\networkedgameclient2\debug\gametime.obj
d:\huang\huang yuanmin\fdu\2019-2020fdu notes\1 at ncsu\game engine foundation\code\homework3\networkedgameclient2\debug\localtime.obj
d:\huang\huang yuanmin\fdu\2019-2020fdu notes\1 at ncsu\game engine foundation\code\homework3\networkedgameclient2\debug\spawnpoint.obj
d:\huang\huang yuanmin\fdu\2019-2020fdu notes\1 at ncsu\game engine foundation\code\homework3\networkedgameclient2\debug\sideboundary.obj
d:\huang\huang yuanmin\fdu\2019-2020fdu notes\1 at ncsu\game engine foundation\code\homework3\networkedgameclient2\debug\movingplatform.obj
d:\huang\huang yuanmin\fdu\2019-2020fdu notes\1 at ncsu\game engine foundation\code\homework3\networkedgameclient2\debug\deathzone.obj
d:\huang\huang yuanmin\fdu\2019-2020fdu notes\1 at ncsu\game engine foundation\code\homework3\networkedgameclient2\debug\character.obj
d:\huang\huang yuanmin\fdu\2019-2020fdu notes\1 at ncsu\game engine foundation\code\homework3\networkedgameclient2\debug\client.obj
d:\huang\huang yuanmin\fdu\2019-2020fdu notes\1 at ncsu\game engine foundation\code\homework3\networkedgameclient2\debug\renderable.obj
d:\huang\huang yuanmin\fdu\2019-2020fdu notes\1 at ncsu\game engine foundation\code\homework3\networkedgameclient2\debug\movable.obj
d:\huang\huang yuanmin\fdu\2019-2020fdu notes\1 at ncsu\game engine foundation\code\homework3\networkedgameclient2\debug\collidable.obj
d:\huang\huang yuanmin\fdu\2019-2020fdu notes\1 at ncsu\game engine foundation\code\homework3\debug\networkedgameclient2.exe
d:\huang\huang yuanmin\fdu\2019-2020fdu notes\1 at ncsu\game engine foundation\code\homework3\debug\networkedgameclient2.ilk
d:\huang\huang yuanmin\fdu\2019-2020fdu notes\1 at ncsu\game engine foundation\code\homework3\debug\networkedgameclient2.pdb
d:\huang\huang yuanmin\fdu\2019-2020fdu notes\1 at ncsu\game engine foundation\code\homework4\networkedgameclient2\debug\character.obj
d:\huang\huang yuanmin\fdu\2019-2020fdu notes\1 at ncsu\game engine foundation\code\homework4\networkedgameclient2\debug\client.obj
d:\huang\huang yuanmin\fdu\2019-2020fdu notes\1 at ncsu\game engine foundation\code\homework4\networkedgameclient2\debug\collidable.obj
d:\huang\huang yuanmin\fdu\2019-2020fdu notes\1 at ncsu\game engine foundation\code\homework4\networkedgameclient2\debug\deathzone.obj
d:\huang\huang yuanmin\fdu\2019-2020fdu notes\1 at ncsu\game engine foundation\code\homework4\networkedgameclient2\debug\gametime.obj
d:\huang\huang yuanmin\fdu\2019-2020fdu notes\1 at ncsu\game engine foundation\code\homework4\networkedgameclient2\debug\localtime.obj
d:\huang\huang yuanmin\fdu\2019-2020fdu notes\1 at ncsu\game engine foundation\code\homework4\networkedgameclient2\debug\main.obj
d:\huang\huang yuanmin\fdu\2019-2020fdu notes\1 at ncsu\game engine foundation\code\homework4\networkedgameclient2\debug\movable.obj
d:\huang\huang yuanmin\fdu\2019-2020fdu notes\1 at ncsu\game engine foundation\code\homework4\networkedgameclient2\debug\movingplatform.obj
d:\huang\huang yuanmin\fdu\2019-2020fdu notes\1 at ncsu\game engine foundation\code\homework4\networkedgameclient2\debug\renderable.obj
d:\huang\huang yuanmin\fdu\2019-2020fdu notes\1 at ncsu\game engine foundation\code\homework4\networkedgameclient2\debug\sideboundary.obj
d:\huang\huang yuanmin\fdu\2019-2020fdu notes\1 at ncsu\game engine foundation\code\homework4\networkedgameclient2\debug\spawnpoint.obj
d:\huang\huang yuanmin\fdu\2019-2020fdu notes\1 at ncsu\game engine foundation\code\homework4\networkedgameclient2\debug\vc142.idb
d:\huang\huang yuanmin\fdu\2019-2020fdu notes\1 at ncsu\game engine foundation\code\homework4\networkedgameclient2\debug\vc142.pdb
d:\huang\huang yuanmin\fdu\2019-2020fdu notes\1 at ncsu\game engine foundation\code\homework4\debug\networkedgameclient2.pdb
d:\huang\huang yuanmin\fdu\2019-2020fdu notes\1 at ncsu\game engine foundation\code\homework4\debug\networkedgameclient2.exe
d:\huang\huang yuanmin\fdu\2019-2020fdu notes\1 at ncsu\game engine foundation\code\homework4\debug\networkedgameclient2.ilk
d:\huang\huang yuanmin\fdu\2019-2020fdu notes\1 at ncsu\game engine foundation\code\homework4\networkedgameclient2\debug\networke.61f3bad3.tlog\cl.command.1.tlog
d:\huang\huang yuanmin\fdu\2019-2020fdu notes\1 at ncsu\game engine foundation\code\homework4\networkedgameclient2\debug\networke.61f3bad3.tlog\cl.read.1.tlog
d:\huang\huang yuanmin\fdu\2019-2020fdu notes\1 at ncsu\game engine foundation\code\homework4\networkedgameclient2\debug\networke.61f3bad3.tlog\cl.write.1.tlog
d:\huang\huang yuanmin\fdu\2019-2020fdu notes\1 at ncsu\game engine foundation\code\homework4\networkedgameclient2\debug\networke.61f3bad3.tlog\link.command.1.tlog
d:\huang\huang yuanmin\fdu\2019-2020fdu notes\1 at ncsu\game engine foundation\code\homework4\networkedgameclient2\debug\networke.61f3bad3.tlog\link.read.1.tlog
d:\huang\huang yuanmin\fdu\2019-2020fdu notes\1 at ncsu\game engine foundation\code\homework4\networkedgameclient2\debug\networke.61f3bad3.tlog\link.write.1.tlog
