C:\Program Files (x86)\Microsoft Visual Studio\2019\Community\MSBuild\Microsoft\VC\v160\Microsoft.CppBuild.targets(452,5): warning MSB8028: The intermediate directory (Release\) contains files shared from another project (Homework1.vcxproj, Homework2.vcxproj).  This can lead to incorrect clean and rebuild behavior.
  Client.cpp
  Movable.cpp
  LocalTime.cpp
  GameTime.cpp
  main.cpp
  MovingPlatform.cpp
D:\Huang\Huang Yuanmin\FDU\2019-2020FDU Notes\1 at NCSU\Game Engine Foundation\Code\Homework2\NetworkedGameClient3\Objects\MovingPlatform.cpp(14,57): warning C4244:  “参数”: 从“double”转换到“T”，可能丢失数据
D:\Huang\Huang Yuanmin\FDU\2019-2020FDU Notes\1 at NCSU\Game Engine Foundation\Code\Homework2\NetworkedGameClient3\Objects\MovingPlatform.cpp(14,57): warning C4244:         with
D:\Huang\Huang Yuanmin\FDU\2019-2020FDU Notes\1 at NCSU\Game Engine Foundation\Code\Homework2\NetworkedGameClient3\Objects\MovingPlatform.cpp(14,57): warning C4244:         [
D:\Huang\Huang Yuanmin\FDU\2019-2020FDU Notes\1 at NCSU\Game Engine Foundation\Code\Homework2\NetworkedGameClient3\Objects\MovingPlatform.cpp(14,57): warning C4244:             T=float
D:\Huang\Huang Yuanmin\FDU\2019-2020FDU Notes\1 at NCSU\Game Engine Foundation\Code\Homework2\NetworkedGameClient3\Objects\MovingPlatform.cpp(14,57): warning C4244:         ]
  Character.cpp
D:\Huang\Huang Yuanmin\FDU\2019-2020FDU Notes\1 at NCSU\Game Engine Foundation\Code\Homework2\NetworkedGameClient3\Objects\MovingPlatform.cpp(14,35): warning C4244:  “参数”: 从“double”转换到“T”，可能丢失数据
D:\Huang\Huang Yuanmin\FDU\2019-2020FDU Notes\1 at NCSU\Game Engine Foundation\Code\Homework2\NetworkedGameClient3\Objects\MovingPlatform.cpp(14,35): warning C4244:         with
D:\Huang\Huang Yuanmin\FDU\2019-2020FDU Notes\1 at NCSU\Game Engine Foundation\Code\Homework2\NetworkedGameClient3\Objects\MovingPlatform.cpp(14,35): warning C4244:         [
D:\Huang\Huang Yuanmin\FDU\2019-2020FDU Notes\1 at NCSU\Game Engine Foundation\Code\Homework2\NetworkedGameClient3\Objects\MovingPlatform.cpp(14,35): warning C4244:             T=float
D:\Huang\Huang Yuanmin\FDU\2019-2020FDU Notes\1 at NCSU\Game Engine Foundation\Code\Homework2\NetworkedGameClient3\Objects\MovingPlatform.cpp(14,35): warning C4244:         ]
D:\Huang\Huang Yuanmin\FDU\2019-2020FDU Notes\1 at NCSU\Game Engine Foundation\Code\Homework2\NetworkedGameClient3\Objects\Character.cpp(19,63): warning C4244:  “参数”: 从“double”转换到“T”，可能丢失数据
D:\Huang\Huang Yuanmin\FDU\2019-2020FDU Notes\1 at NCSU\Game Engine Foundation\Code\Homework2\NetworkedGameClient3\Objects\Character.cpp(19,63): warning C4244:         with
D:\Huang\Huang Yuanmin\FDU\2019-2020FDU Notes\1 at NCSU\Game Engine Foundation\Code\Homework2\NetworkedGameClient3\Objects\Character.cpp(19,63): warning C4244:         [
D:\Huang\Huang Yuanmin\FDU\2019-2020FDU Notes\1 at NCSU\Game Engine Foundation\Code\Homework2\NetworkedGameClient3\Objects\Character.cpp(19,63): warning C4244:             T=float
D:\Huang\Huang Yuanmin\FDU\2019-2020FDU Notes\1 at NCSU\Game Engine Foundation\Code\Homework2\NetworkedGameClient3\Objects\Character.cpp(19,63): warning C4244:         ]
D:\Huang\Huang Yuanmin\FDU\2019-2020FDU Notes\1 at NCSU\Game Engine Foundation\Code\Homework2\NetworkedGameClient3\Objects\Character.cpp(19,38): warning C4244:  “参数”: 从“double”转换到“T”，可能丢失数据
D:\Huang\Huang Yuanmin\FDU\2019-2020FDU Notes\1 at NCSU\Game Engine Foundation\Code\Homework2\NetworkedGameClient3\Objects\Character.cpp(19,38): warning C4244:         with
D:\Huang\Huang Yuanmin\FDU\2019-2020FDU Notes\1 at NCSU\Game Engine Foundation\Code\Homework2\NetworkedGameClient3\Objects\Character.cpp(19,38): warning C4244:         [
D:\Huang\Huang Yuanmin\FDU\2019-2020FDU Notes\1 at NCSU\Game Engine Foundation\Code\Homework2\NetworkedGameClient3\Objects\Character.cpp(19,38): warning C4244:             T=float
D:\Huang\Huang Yuanmin\FDU\2019-2020FDU Notes\1 at NCSU\Game Engine Foundation\Code\Homework2\NetworkedGameClient3\Objects\Character.cpp(19,38): warning C4244:         ]
D:\Huang\Huang Yuanmin\FDU\2019-2020FDU Notes\1 at NCSU\Game Engine Foundation\Code\Homework2\NetworkedGameClient3\Objects\Character.cpp(46,31): warning C4244:  “参数”: 从“double”转换到“T”，可能丢失数据
D:\Huang\Huang Yuanmin\FDU\2019-2020FDU Notes\1 at NCSU\Game Engine Foundation\Code\Homework2\NetworkedGameClient3\Objects\Character.cpp(46,31): warning C4244:         with
D:\Huang\Huang Yuanmin\FDU\2019-2020FDU Notes\1 at NCSU\Game Engine Foundation\Code\Homework2\NetworkedGameClient3\Objects\Character.cpp(46,31): warning C4244:         [
D:\Huang\Huang Yuanmin\FDU\2019-2020FDU Notes\1 at NCSU\Game Engine Foundation\Code\Homework2\NetworkedGameClient3\Objects\Character.cpp(46,31): warning C4244:             T=float
D:\Huang\Huang Yuanmin\FDU\2019-2020FDU Notes\1 at NCSU\Game Engine Foundation\Code\Homework2\NetworkedGameClient3\Objects\Character.cpp(46,31): warning C4244:         ]
D:\Huang\Huang Yuanmin\FDU\2019-2020FDU Notes\1 at NCSU\Game Engine Foundation\Code\Homework2\NetworkedGameClient3\Objects\Character.cpp(47,44): warning C4244:  “参数”: 从“double”转换到“T”，可能丢失数据
D:\Huang\Huang Yuanmin\FDU\2019-2020FDU Notes\1 at NCSU\Game Engine Foundation\Code\Homework2\NetworkedGameClient3\Objects\Character.cpp(47,44): warning C4244:         with
D:\Huang\Huang Yuanmin\FDU\2019-2020FDU Notes\1 at NCSU\Game Engine Foundation\Code\Homework2\NetworkedGameClient3\Objects\Character.cpp(47,44): warning C4244:         [
D:\Huang\Huang Yuanmin\FDU\2019-2020FDU Notes\1 at NCSU\Game Engine Foundation\Code\Homework2\NetworkedGameClient3\Objects\Character.cpp(47,44): warning C4244:             T=float
D:\Huang\Huang Yuanmin\FDU\2019-2020FDU Notes\1 at NCSU\Game Engine Foundation\Code\Homework2\NetworkedGameClient3\Objects\Character.cpp(47,44): warning C4244:         ]
D:\Huang\Huang Yuanmin\FDU\2019-2020FDU Notes\1 at NCSU\Game Engine Foundation\Code\Homework2\NetworkedGameClient3\Objects\Character.cpp(48,20): warning C4244:  “参数”: 从“double”转换到“T”，可能丢失数据
D:\Huang\Huang Yuanmin\FDU\2019-2020FDU Notes\1 at NCSU\Game Engine Foundation\Code\Homework2\NetworkedGameClient3\Objects\Character.cpp(48,20): warning C4244:         with
D:\Huang\Huang Yuanmin\FDU\2019-2020FDU Notes\1 at NCSU\Game Engine Foundation\Code\Homework2\NetworkedGameClient3\Objects\Character.cpp(48,20): warning C4244:         [
D:\Huang\Huang Yuanmin\FDU\2019-2020FDU Notes\1 at NCSU\Game Engine Foundation\Code\Homework2\NetworkedGameClient3\Objects\Character.cpp(48,20): warning C4244:             T=float
D:\Huang\Huang Yuanmin\FDU\2019-2020FDU Notes\1 at NCSU\Game Engine Foundation\Code\Homework2\NetworkedGameClient3\Objects\Character.cpp(48,20): warning C4244:         ]
D:\Huang\Huang Yuanmin\FDU\2019-2020FDU Notes\1 at NCSU\Game Engine Foundation\Code\Homework2\NetworkedGameClient3\Objects\Character.cpp(49,24): warning C4244:  “参数”: 从“double”转换到“T”，可能丢失数据
D:\Huang\Huang Yuanmin\FDU\2019-2020FDU Notes\1 at NCSU\Game Engine Foundation\Code\Homework2\NetworkedGameClient3\Objects\Character.cpp(49,24): warning C4244:         with
D:\Huang\Huang Yuanmin\FDU\2019-2020FDU Notes\1 at NCSU\Game Engine Foundation\Code\Homework2\NetworkedGameClient3\Objects\Character.cpp(49,24): warning C4244:         [
D:\Huang\Huang Yuanmin\FDU\2019-2020FDU Notes\1 at NCSU\Game Engine Foundation\Code\Homework2\NetworkedGameClient3\Objects\Character.cpp(49,24): warning C4244:             T=float
D:\Huang\Huang Yuanmin\FDU\2019-2020FDU Notes\1 at NCSU\Game Engine Foundation\Code\Homework2\NetworkedGameClient3\Objects\Character.cpp(49,24): warning C4244:         ]
D:\Huang\Huang Yuanmin\FDU\2019-2020FDU Notes\1 at NCSU\Game Engine Foundation\Code\Homework2\NetworkedGameClient3\Objects\Character.cpp(118,39): warning C4244:  “+=”: 从“double”转换到“T”，可能丢失数据
D:\Huang\Huang Yuanmin\FDU\2019-2020FDU Notes\1 at NCSU\Game Engine Foundation\Code\Homework2\NetworkedGameClient3\Objects\Character.cpp(118,39): warning C4244:         with
D:\Huang\Huang Yuanmin\FDU\2019-2020FDU Notes\1 at NCSU\Game Engine Foundation\Code\Homework2\NetworkedGameClient3\Objects\Character.cpp(118,39): warning C4244:         [
D:\Huang\Huang Yuanmin\FDU\2019-2020FDU Notes\1 at NCSU\Game Engine Foundation\Code\Homework2\NetworkedGameClient3\Objects\Character.cpp(118,39): warning C4244:             T=float
D:\Huang\Huang Yuanmin\FDU\2019-2020FDU Notes\1 at NCSU\Game Engine Foundation\Code\Homework2\NetworkedGameClient3\Objects\Character.cpp(118,39): warning C4244:         ]
  正在生成代码
  Previous IPDB not found, fall back to full compilation.
  All 705 functions were compiled because no usable IPDB/IOBJ from previous compilation was found.
  已完成代码的生成
  NetworkedGameClient3.vcxproj -> D:\Huang\Huang Yuanmin\FDU\2019-2020FDU Notes\1 at NCSU\Game Engine Foundation\Code\Homework2\Release\NetworkedGameClient3.exe
