C:\Program Files (x86)\Microsoft Visual Studio\2019\Community\MSBuild\Microsoft\VC\v160\Microsoft.CppBuild.targets(452,5): warning MSB8028: The intermediate directory (Release\) contains files shared from another project (Homework1.vcxproj, Homework2.vcxproj).  This can lead to incorrect clean and rebuild behavior.
  main.cpp
D:\Huang\Huang Yuanmin\FDU\2019-2020FDU Notes\1 at NCSU\Game Engine Foundation\Code\Homework2\TimelinedGame\main.cpp(150,65): warning C4244:  “参数”: 从“T”转换到“T”，可能丢失数据
D:\Huang\Huang Yuanmin\FDU\2019-2020FDU Notes\1 at NCSU\Game Engine Foundation\Code\Homework2\TimelinedGame\main.cpp(150,65): warning C4244:         with
D:\Huang\Huang Yuanmin\FDU\2019-2020FDU Notes\1 at NCSU\Game Engine Foundation\Code\Homework2\TimelinedGame\main.cpp(150,65): warning C4244:         [
D:\Huang\Huang Yuanmin\FDU\2019-2020FDU Notes\1 at NCSU\Game Engine Foundation\Code\Homework2\TimelinedGame\main.cpp(150,65): warning C4244:             T=unsigned int
D:\Huang\Huang Yuanmin\FDU\2019-2020FDU Notes\1 at NCSU\Game Engine Foundation\Code\Homework2\TimelinedGame\main.cpp(150,65): warning C4244:         ]
D:\Huang\Huang Yuanmin\FDU\2019-2020FDU Notes\1 at NCSU\Game Engine Foundation\Code\Homework2\TimelinedGame\main.cpp(150,65): warning C4244:         and
D:\Huang\Huang Yuanmin\FDU\2019-2020FDU Notes\1 at NCSU\Game Engine Foundation\Code\Homework2\TimelinedGame\main.cpp(150,65): warning C4244:         [
D:\Huang\Huang Yuanmin\FDU\2019-2020FDU Notes\1 at NCSU\Game Engine Foundation\Code\Homework2\TimelinedGame\main.cpp(150,65): warning C4244:             T=float
D:\Huang\Huang Yuanmin\FDU\2019-2020FDU Notes\1 at NCSU\Game Engine Foundation\Code\Homework2\TimelinedGame\main.cpp(150,65): warning C4244:         ]
D:\Huang\Huang Yuanmin\FDU\2019-2020FDU Notes\1 at NCSU\Game Engine Foundation\Code\Homework2\TimelinedGame\main.cpp(150,50): warning C4244:  “参数”: 从“T”转换到“T”，可能丢失数据
D:\Huang\Huang Yuanmin\FDU\2019-2020FDU Notes\1 at NCSU\Game Engine Foundation\Code\Homework2\TimelinedGame\main.cpp(150,50): warning C4244:         with
D:\Huang\Huang Yuanmin\FDU\2019-2020FDU Notes\1 at NCSU\Game Engine Foundation\Code\Homework2\TimelinedGame\main.cpp(150,50): warning C4244:         [
D:\Huang\Huang Yuanmin\FDU\2019-2020FDU Notes\1 at NCSU\Game Engine Foundation\Code\Homework2\TimelinedGame\main.cpp(150,50): warning C4244:             T=unsigned int
D:\Huang\Huang Yuanmin\FDU\2019-2020FDU Notes\1 at NCSU\Game Engine Foundation\Code\Homework2\TimelinedGame\main.cpp(150,50): warning C4244:         ]
D:\Huang\Huang Yuanmin\FDU\2019-2020FDU Notes\1 at NCSU\Game Engine Foundation\Code\Homework2\TimelinedGame\main.cpp(150,50): warning C4244:         and
D:\Huang\Huang Yuanmin\FDU\2019-2020FDU Notes\1 at NCSU\Game Engine Foundation\Code\Homework2\TimelinedGame\main.cpp(150,50): warning C4244:         [
D:\Huang\Huang Yuanmin\FDU\2019-2020FDU Notes\1 at NCSU\Game Engine Foundation\Code\Homework2\TimelinedGame\main.cpp(150,50): warning C4244:             T=float
D:\Huang\Huang Yuanmin\FDU\2019-2020FDU Notes\1 at NCSU\Game Engine Foundation\Code\Homework2\TimelinedGame\main.cpp(150,50): warning C4244:         ]
  正在生成代码
  Previous IPDB not found, fall back to full compilation.
  All 478 functions were compiled because no usable IPDB/IOBJ from previous compilation was found.
  已完成代码的生成
  TimelinedGame.vcxproj -> D:\Huang\Huang Yuanmin\FDU\2019-2020FDU Notes\1 at NCSU\Game Engine Foundation\Code\Homework2\Release\TimelinedGame.exe
