d:\huang\huang yuanmin\fdu\2019-2020fdu notes\1 at ncsu\game engine foundation\code\homework3\networkedgameclient1\debug\vc142.pdb
d:\huang\huang yuanmin\fdu\2019-2020fdu notes\1 at ncsu\game engine foundation\code\homework3\networkedgameclient1\debug\vc142.idb
d:\huang\huang yuanmin\fdu\2019-2020fdu notes\1 at ncsu\game engine foundation\code\homework3\networkedgameclient1\debug\main.obj
d:\huang\huang yuanmin\fdu\2019-2020fdu notes\1 at ncsu\game engine foundation\code\homework3\networkedgameclient1\debug\gametime.obj
d:\huang\huang yuanmin\fdu\2019-2020fdu notes\1 at ncsu\game engine foundation\code\homework3\networkedgameclient1\debug\localtime.obj
d:\huang\huang yuanmin\fdu\2019-2020fdu notes\1 at ncsu\game engine foundation\code\homework3\networkedgameclient1\debug\spawnpoint.obj
d:\huang\huang yuanmin\fdu\2019-2020fdu notes\1 at ncsu\game engine foundation\code\homework3\networkedgameclient1\debug\sideboundary.obj
d:\huang\huang yuanmin\fdu\2019-2020fdu notes\1 at ncsu\game engine foundation\code\homework3\networkedgameclient1\debug\movingplatform.obj
d:\huang\huang yuanmin\fdu\2019-2020fdu notes\1 at ncsu\game engine foundation\code\homework3\networkedgameclient1\debug\deathzone.obj
d:\huang\huang yuanmin\fdu\2019-2020fdu notes\1 at ncsu\game engine foundation\code\homework3\networkedgameclient1\debug\character.obj
d:\huang\huang yuanmin\fdu\2019-2020fdu notes\1 at ncsu\game engine foundation\code\homework3\networkedgameclient1\debug\client.obj
d:\huang\huang yuanmin\fdu\2019-2020fdu notes\1 at ncsu\game engine foundation\code\homework3\networkedgameclient1\debug\renderable.obj
d:\huang\huang yuanmin\fdu\2019-2020fdu notes\1 at ncsu\game engine foundation\code\homework3\networkedgameclient1\debug\movable.obj
d:\huang\huang yuanmin\fdu\2019-2020fdu notes\1 at ncsu\game engine foundation\code\homework3\networkedgameclient1\debug\collidable.obj
d:\huang\huang yuanmin\fdu\2019-2020fdu notes\1 at ncsu\game engine foundation\code\homework3\debug\networkedgameclient1.exe
d:\huang\huang yuanmin\fdu\2019-2020fdu notes\1 at ncsu\game engine foundation\code\homework3\debug\networkedgameclient1.ilk
d:\huang\huang yuanmin\fdu\2019-2020fdu notes\1 at ncsu\game engine foundation\code\homework3\debug\networkedgameclient1.pdb
d:\huang\huang yuanmin\fdu\2019-2020fdu notes\1 at ncsu\game engine foundation\code\homework3\networkedgameclient1\debug\networke.049b0ef4.tlog\cl.command.1.tlog
d:\huang\huang yuanmin\fdu\2019-2020fdu notes\1 at ncsu\game engine foundation\code\homework3\networkedgameclient1\debug\networke.049b0ef4.tlog\cl.read.1.tlog
d:\huang\huang yuanmin\fdu\2019-2020fdu notes\1 at ncsu\game engine foundation\code\homework3\networkedgameclient1\debug\networke.049b0ef4.tlog\cl.write.1.tlog
d:\huang\huang yuanmin\fdu\2019-2020fdu notes\1 at ncsu\game engine foundation\code\homework3\networkedgameclient1\debug\networke.049b0ef4.tlog\link.command.1.tlog
d:\huang\huang yuanmin\fdu\2019-2020fdu notes\1 at ncsu\game engine foundation\code\homework3\networkedgameclient1\debug\networke.049b0ef4.tlog\link.read.1.tlog
d:\huang\huang yuanmin\fdu\2019-2020fdu notes\1 at ncsu\game engine foundation\code\homework3\networkedgameclient1\debug\networke.049b0ef4.tlog\link.write.1.tlog
