d:\huang\huang yuanmin\fdu\2019-2020fdu notes\1 at ncsu\game engine foundation\code\homework3\networkedgameclient4\debug\vc142.pdb
d:\huang\huang yuanmin\fdu\2019-2020fdu notes\1 at ncsu\game engine foundation\code\homework3\networkedgameclient4\debug\vc142.idb
d:\huang\huang yuanmin\fdu\2019-2020fdu notes\1 at ncsu\game engine foundation\code\homework3\networkedgameclient4\debug\main.obj
d:\huang\huang yuanmin\fdu\2019-2020fdu notes\1 at ncsu\game engine foundation\code\homework3\networkedgameclient4\debug\gametime.obj
d:\huang\huang yuanmin\fdu\2019-2020fdu notes\1 at ncsu\game engine foundation\code\homework3\networkedgameclient4\debug\localtime.obj
d:\huang\huang yuanmin\fdu\2019-2020fdu notes\1 at ncsu\game engine foundation\code\homework3\networkedgameclient4\debug\spawnpoint.obj
d:\huang\huang yuanmin\fdu\2019-2020fdu notes\1 at ncsu\game engine foundation\code\homework3\networkedgameclient4\debug\sideboundary.obj
d:\huang\huang yuanmin\fdu\2019-2020fdu notes\1 at ncsu\game engine foundation\code\homework3\networkedgameclient4\debug\movingplatform.obj
d:\huang\huang yuanmin\fdu\2019-2020fdu notes\1 at ncsu\game engine foundation\code\homework3\networkedgameclient4\debug\deathzone.obj
d:\huang\huang yuanmin\fdu\2019-2020fdu notes\1 at ncsu\game engine foundation\code\homework3\networkedgameclient4\debug\character.obj
d:\huang\huang yuanmin\fdu\2019-2020fdu notes\1 at ncsu\game engine foundation\code\homework3\networkedgameclient4\debug\client.obj
d:\huang\huang yuanmin\fdu\2019-2020fdu notes\1 at ncsu\game engine foundation\code\homework3\networkedgameclient4\debug\renderable.obj
d:\huang\huang yuanmin\fdu\2019-2020fdu notes\1 at ncsu\game engine foundation\code\homework3\networkedgameclient4\debug\movable.obj
d:\huang\huang yuanmin\fdu\2019-2020fdu notes\1 at ncsu\game engine foundation\code\homework3\networkedgameclient4\debug\collidable.obj
d:\huang\huang yuanmin\fdu\2019-2020fdu notes\1 at ncsu\game engine foundation\code\homework3\debug\networkedgameclient4.exe
d:\huang\huang yuanmin\fdu\2019-2020fdu notes\1 at ncsu\game engine foundation\code\homework3\debug\networkedgameclient4.ilk
d:\huang\huang yuanmin\fdu\2019-2020fdu notes\1 at ncsu\game engine foundation\code\homework3\debug\networkedgameclient4.pdb
d:\huang\huang yuanmin\fdu\2019-2020fdu notes\1 at ncsu\game engine foundation\code\homework4\networkedgameclient4\debug\character.obj
d:\huang\huang yuanmin\fdu\2019-2020fdu notes\1 at ncsu\game engine foundation\code\homework4\networkedgameclient4\debug\client.obj
d:\huang\huang yuanmin\fdu\2019-2020fdu notes\1 at ncsu\game engine foundation\code\homework4\networkedgameclient4\debug\collidable.obj
d:\huang\huang yuanmin\fdu\2019-2020fdu notes\1 at ncsu\game engine foundation\code\homework4\networkedgameclient4\debug\deathzone.obj
d:\huang\huang yuanmin\fdu\2019-2020fdu notes\1 at ncsu\game engine foundation\code\homework4\networkedgameclient4\debug\gametime.obj
d:\huang\huang yuanmin\fdu\2019-2020fdu notes\1 at ncsu\game engine foundation\code\homework4\networkedgameclient4\debug\localtime.obj
d:\huang\huang yuanmin\fdu\2019-2020fdu notes\1 at ncsu\game engine foundation\code\homework4\networkedgameclient4\debug\main.obj
d:\huang\huang yuanmin\fdu\2019-2020fdu notes\1 at ncsu\game engine foundation\code\homework4\networkedgameclient4\debug\movable.obj
d:\huang\huang yuanmin\fdu\2019-2020fdu notes\1 at ncsu\game engine foundation\code\homework4\networkedgameclient4\debug\movingplatform.obj
d:\huang\huang yuanmin\fdu\2019-2020fdu notes\1 at ncsu\game engine foundation\code\homework4\networkedgameclient4\debug\renderable.obj
d:\huang\huang yuanmin\fdu\2019-2020fdu notes\1 at ncsu\game engine foundation\code\homework4\networkedgameclient4\debug\sideboundary.obj
d:\huang\huang yuanmin\fdu\2019-2020fdu notes\1 at ncsu\game engine foundation\code\homework4\networkedgameclient4\debug\spawnpoint.obj
d:\huang\huang yuanmin\fdu\2019-2020fdu notes\1 at ncsu\game engine foundation\code\homework4\networkedgameclient4\debug\vc142.idb
d:\huang\huang yuanmin\fdu\2019-2020fdu notes\1 at ncsu\game engine foundation\code\homework4\networkedgameclient4\debug\vc142.pdb
d:\huang\huang yuanmin\fdu\2019-2020fdu notes\1 at ncsu\game engine foundation\code\homework4\debug\networkedgameclient4.pdb
d:\huang\huang yuanmin\fdu\2019-2020fdu notes\1 at ncsu\game engine foundation\code\homework4\debug\networkedgameclient4.exe
d:\huang\huang yuanmin\fdu\2019-2020fdu notes\1 at ncsu\game engine foundation\code\homework4\debug\networkedgameclient4.ilk
d:\huang\huang yuanmin\fdu\2019-2020fdu notes\1 at ncsu\game engine foundation\code\homework4\networkedgameclient4\debug\networke.ac7ffd05.tlog\cl.command.1.tlog
d:\huang\huang yuanmin\fdu\2019-2020fdu notes\1 at ncsu\game engine foundation\code\homework4\networkedgameclient4\debug\networke.ac7ffd05.tlog\cl.read.1.tlog
d:\huang\huang yuanmin\fdu\2019-2020fdu notes\1 at ncsu\game engine foundation\code\homework4\networkedgameclient4\debug\networke.ac7ffd05.tlog\cl.write.1.tlog
d:\huang\huang yuanmin\fdu\2019-2020fdu notes\1 at ncsu\game engine foundation\code\homework4\networkedgameclient4\debug\networke.ac7ffd05.tlog\link.command.1.tlog
d:\huang\huang yuanmin\fdu\2019-2020fdu notes\1 at ncsu\game engine foundation\code\homework4\networkedgameclient4\debug\networke.ac7ffd05.tlog\link.read.1.tlog
d:\huang\huang yuanmin\fdu\2019-2020fdu notes\1 at ncsu\game engine foundation\code\homework4\networkedgameclient4\debug\networke.ac7ffd05.tlog\link.write.1.tlog
