C:\Program Files (x86)\Microsoft Visual Studio\2019\Community\MSBuild\Microsoft\VC\v160\Microsoft.CppBuild.targets(452,5): warning MSB8028: The intermediate directory (Debug\) contains files shared from another project (NetworkedGameServer.vcxproj).  This can lead to incorrect clean and rebuild behavior.
  Collidable.cpp
  Movable.cpp
  Renderable.cpp
  EventHandler.cpp
  EventManager.cpp
  EObjMovement.cpp
  EUserInput.cpp
  ECharSpawn.cpp
  ECharDeath.cpp
  Event.cpp
  ECharCollision.cpp
  Server.cpp
  Character.cpp
  DeathZone.cpp
  MovingPlatform.cpp
  SideBoundary.cpp
  SpawnPoint.cpp
  GameTime.cpp
  LocalTime.cpp
  main.cpp
  正在生成代码...
  正在编译...
  Variant.cpp
  正在生成代码...
  2DPlatformerServer.vcxproj -> D:\Huang\Huang Yuanmin\FDU\2019-2020FDU Notes\1 at NCSU\Game Engine Foundation\Code\Homework5\Debug\2DPlatformerServer.exe
