d:\huang\huang yuanmin\fdu\2019-2020fdu notes\1 at ncsu\game engine foundation\code\homework5\2dplatformerserver\debug\character.obj
d:\huang\huang yuanmin\fdu\2019-2020fdu notes\1 at ncsu\game engine foundation\code\homework5\2dplatformerserver\debug\collidable.obj
d:\huang\huang yuanmin\fdu\2019-2020fdu notes\1 at ncsu\game engine foundation\code\homework5\2dplatformerserver\debug\deathzone.obj
d:\huang\huang yuanmin\fdu\2019-2020fdu notes\1 at ncsu\game engine foundation\code\homework5\2dplatformerserver\debug\echarcollision.obj
d:\huang\huang yuanmin\fdu\2019-2020fdu notes\1 at ncsu\game engine foundation\code\homework5\2dplatformerserver\debug\echardeath.obj
d:\huang\huang yuanmin\fdu\2019-2020fdu notes\1 at ncsu\game engine foundation\code\homework5\2dplatformerserver\debug\echarspawn.obj
d:\huang\huang yuanmin\fdu\2019-2020fdu notes\1 at ncsu\game engine foundation\code\homework5\2dplatformerserver\debug\eobjmovement.obj
d:\huang\huang yuanmin\fdu\2019-2020fdu notes\1 at ncsu\game engine foundation\code\homework5\2dplatformerserver\debug\euserinput.obj
d:\huang\huang yuanmin\fdu\2019-2020fdu notes\1 at ncsu\game engine foundation\code\homework5\2dplatformerserver\debug\event.obj
d:\huang\huang yuanmin\fdu\2019-2020fdu notes\1 at ncsu\game engine foundation\code\homework5\2dplatformerserver\debug\eventhandler.obj
d:\huang\huang yuanmin\fdu\2019-2020fdu notes\1 at ncsu\game engine foundation\code\homework5\2dplatformerserver\debug\eventmanager.obj
d:\huang\huang yuanmin\fdu\2019-2020fdu notes\1 at ncsu\game engine foundation\code\homework5\2dplatformerserver\debug\gametime.obj
d:\huang\huang yuanmin\fdu\2019-2020fdu notes\1 at ncsu\game engine foundation\code\homework5\2dplatformerserver\debug\localtime.obj
d:\huang\huang yuanmin\fdu\2019-2020fdu notes\1 at ncsu\game engine foundation\code\homework5\2dplatformerserver\debug\main.obj
d:\huang\huang yuanmin\fdu\2019-2020fdu notes\1 at ncsu\game engine foundation\code\homework5\2dplatformerserver\debug\movable.obj
d:\huang\huang yuanmin\fdu\2019-2020fdu notes\1 at ncsu\game engine foundation\code\homework5\2dplatformerserver\debug\movingplatform.obj
d:\huang\huang yuanmin\fdu\2019-2020fdu notes\1 at ncsu\game engine foundation\code\homework5\2dplatformerserver\debug\renderable.obj
d:\huang\huang yuanmin\fdu\2019-2020fdu notes\1 at ncsu\game engine foundation\code\homework5\2dplatformerserver\debug\server.obj
d:\huang\huang yuanmin\fdu\2019-2020fdu notes\1 at ncsu\game engine foundation\code\homework5\2dplatformerserver\debug\sideboundary.obj
d:\huang\huang yuanmin\fdu\2019-2020fdu notes\1 at ncsu\game engine foundation\code\homework5\2dplatformerserver\debug\spawnpoint.obj
d:\huang\huang yuanmin\fdu\2019-2020fdu notes\1 at ncsu\game engine foundation\code\homework5\2dplatformerserver\debug\variant.obj
d:\huang\huang yuanmin\fdu\2019-2020fdu notes\1 at ncsu\game engine foundation\code\homework5\2dplatformerserver\debug\vc142.idb
d:\huang\huang yuanmin\fdu\2019-2020fdu notes\1 at ncsu\game engine foundation\code\homework5\2dplatformerserver\debug\vc142.pdb
