d:\huang\huang yuanmin\fdu\2019-2020fdu notes\1 at ncsu\game engine foundation\code\homework3\networkedgameserver\debug\vc142.pdb
d:\huang\huang yuanmin\fdu\2019-2020fdu notes\1 at ncsu\game engine foundation\code\homework3\networkedgameserver\debug\vc142.idb
d:\huang\huang yuanmin\fdu\2019-2020fdu notes\1 at ncsu\game engine foundation\code\homework3\networkedgameserver\debug\gametime.obj
d:\huang\huang yuanmin\fdu\2019-2020fdu notes\1 at ncsu\game engine foundation\code\homework3\networkedgameserver\debug\localtime.obj
d:\huang\huang yuanmin\fdu\2019-2020fdu notes\1 at ncsu\game engine foundation\code\homework3\networkedgameserver\debug\spawnpoint.obj
d:\huang\huang yuanmin\fdu\2019-2020fdu notes\1 at ncsu\game engine foundation\code\homework3\networkedgameserver\debug\movingplatform.obj
d:\huang\huang yuanmin\fdu\2019-2020fdu notes\1 at ncsu\game engine foundation\code\homework3\networkedgameserver\debug\character.obj
d:\huang\huang yuanmin\fdu\2019-2020fdu notes\1 at ncsu\game engine foundation\code\homework3\networkedgameserver\debug\deathzone.obj
d:\huang\huang yuanmin\fdu\2019-2020fdu notes\1 at ncsu\game engine foundation\code\homework3\networkedgameserver\debug\renderable.obj
d:\huang\huang yuanmin\fdu\2019-2020fdu notes\1 at ncsu\game engine foundation\code\homework3\networkedgameserver\debug\movable.obj
d:\huang\huang yuanmin\fdu\2019-2020fdu notes\1 at ncsu\game engine foundation\code\homework3\networkedgameserver\debug\collidable.obj
d:\huang\huang yuanmin\fdu\2019-2020fdu notes\1 at ncsu\game engine foundation\code\homework3\networkedgameserver\debug\main.obj
d:\huang\huang yuanmin\fdu\2019-2020fdu notes\1 at ncsu\game engine foundation\code\homework3\networkedgameserver\debug\server.obj
d:\huang\huang yuanmin\fdu\2019-2020fdu notes\1 at ncsu\game engine foundation\code\homework3\networkedgameserver\debug\sideboundary.obj
d:\huang\huang yuanmin\fdu\2019-2020fdu notes\1 at ncsu\game engine foundation\code\homework3\networkedgameserver\debug\character.nativecodeanalysis.xml
d:\huang\huang yuanmin\fdu\2019-2020fdu notes\1 at ncsu\game engine foundation\code\homework3\networkedgameserver\debug\collidable.nativecodeanalysis.xml
d:\huang\huang yuanmin\fdu\2019-2020fdu notes\1 at ncsu\game engine foundation\code\homework3\networkedgameserver\debug\deathzone.nativecodeanalysis.xml
d:\huang\huang yuanmin\fdu\2019-2020fdu notes\1 at ncsu\game engine foundation\code\homework3\networkedgameserver\debug\gametime.nativecodeanalysis.xml
d:\huang\huang yuanmin\fdu\2019-2020fdu notes\1 at ncsu\game engine foundation\code\homework3\networkedgameserver\debug\localtime.nativecodeanalysis.xml
d:\huang\huang yuanmin\fdu\2019-2020fdu notes\1 at ncsu\game engine foundation\code\homework3\networkedgameserver\debug\movable.nativecodeanalysis.xml
d:\huang\huang yuanmin\fdu\2019-2020fdu notes\1 at ncsu\game engine foundation\code\homework3\networkedgameserver\debug\movingplatform.nativecodeanalysis.xml
d:\huang\huang yuanmin\fdu\2019-2020fdu notes\1 at ncsu\game engine foundation\code\homework3\networkedgameserver\debug\renderable.nativecodeanalysis.xml
d:\huang\huang yuanmin\fdu\2019-2020fdu notes\1 at ncsu\game engine foundation\code\homework3\networkedgameserver\debug\sideboundary.nativecodeanalysis.xml
d:\huang\huang yuanmin\fdu\2019-2020fdu notes\1 at ncsu\game engine foundation\code\homework3\networkedgameserver\debug\spawnpoint.nativecodeanalysis.xml
d:\huang\huang yuanmin\fdu\2019-2020fdu notes\1 at ncsu\game engine foundation\code\homework3\networkedgameserver\debug\networke.59fcecb5.tlog\cl.command.1.tlog
d:\huang\huang yuanmin\fdu\2019-2020fdu notes\1 at ncsu\game engine foundation\code\homework3\networkedgameserver\debug\networke.59fcecb5.tlog\cl.read.1.tlog
d:\huang\huang yuanmin\fdu\2019-2020fdu notes\1 at ncsu\game engine foundation\code\homework3\networkedgameserver\debug\networke.59fcecb5.tlog\cl.write.1.tlog
