  Collidable.cpp
  Movable.cpp
  Renderable.cpp
  ECharDeath.cpp
  ECharSpawn.cpp
  EInvaDeath.cpp
  EObjMovement.cpp
  EUserInput.cpp
  Event.cpp
  EventHandler.cpp
  EventManager.cpp
  Variant.cpp
  Client.cpp
  Bullet.cpp
  Character.cpp
D:\Huang\Huang Yuanmin\FDU\2019-2020FDU Notes\1 at NCSU\Game Engine Foundation\Code\Homework5\SpaceInvadersClient\Objects\impl\Character.cpp(95,17): warning C4244: “=”: 从“double”转换到“float”，可能丢失数据
  Invader.cpp
  InvaderMatrix.cpp
  SpawnPoint.cpp
  GameTime.cpp
  LocalTime.cpp
  正在生成代码...
  正在编译...
  main.cpp
  正在生成代码...
  SpaceInvadersClient.vcxproj -> D:\Huang\Huang Yuanmin\FDU\2019-2020FDU Notes\1 at NCSU\Game Engine Foundation\Code\Homework5\Debug\SpaceInvadersClient.exe
