d:\huang\huang yuanmin\fdu\2019-2020fdu notes\1 at ncsu\game engine foundation\code\homework4\networkedgameclient3\debug\vc142.pdb
d:\huang\huang yuanmin\fdu\2019-2020fdu notes\1 at ncsu\game engine foundation\code\homework4\networkedgameclient3\debug\vc142.idb
d:\huang\huang yuanmin\fdu\2019-2020fdu notes\1 at ncsu\game engine foundation\code\homework4\networkedgameclient3\debug\main.nativecodeanalysis.sarif
d:\huang\huang yuanmin\fdu\2019-2020fdu notes\1 at ncsu\game engine foundation\code\homework4\networkedgameclient3\debug\main.nativecodeanalysis.xml
d:\huang\huang yuanmin\fdu\2019-2020fdu notes\1 at ncsu\game engine foundation\code\homework4\networkedgameclient3\debug\gametime.nativecodeanalysis.sarif
d:\huang\huang yuanmin\fdu\2019-2020fdu notes\1 at ncsu\game engine foundation\code\homework4\networkedgameclient3\debug\gametime.nativecodeanalysis.xml
d:\huang\huang yuanmin\fdu\2019-2020fdu notes\1 at ncsu\game engine foundation\code\homework4\networkedgameclient3\debug\localtime.nativecodeanalysis.sarif
d:\huang\huang yuanmin\fdu\2019-2020fdu notes\1 at ncsu\game engine foundation\code\homework4\networkedgameclient3\debug\localtime.nativecodeanalysis.xml
d:\huang\huang yuanmin\fdu\2019-2020fdu notes\1 at ncsu\game engine foundation\code\homework4\networkedgameclient3\debug\spawnpoint.nativecodeanalysis.sarif
d:\huang\huang yuanmin\fdu\2019-2020fdu notes\1 at ncsu\game engine foundation\code\homework4\networkedgameclient3\debug\spawnpoint.nativecodeanalysis.xml
d:\huang\huang yuanmin\fdu\2019-2020fdu notes\1 at ncsu\game engine foundation\code\homework4\networkedgameclient3\debug\sideboundary.nativecodeanalysis.sarif
d:\huang\huang yuanmin\fdu\2019-2020fdu notes\1 at ncsu\game engine foundation\code\homework4\networkedgameclient3\debug\sideboundary.nativecodeanalysis.xml
d:\huang\huang yuanmin\fdu\2019-2020fdu notes\1 at ncsu\game engine foundation\code\homework4\networkedgameclient3\debug\movingplatform.nativecodeanalysis.sarif
d:\huang\huang yuanmin\fdu\2019-2020fdu notes\1 at ncsu\game engine foundation\code\homework4\networkedgameclient3\debug\movingplatform.nativecodeanalysis.xml
d:\huang\huang yuanmin\fdu\2019-2020fdu notes\1 at ncsu\game engine foundation\code\homework4\networkedgameclient3\debug\deathzone.nativecodeanalysis.sarif
d:\huang\huang yuanmin\fdu\2019-2020fdu notes\1 at ncsu\game engine foundation\code\homework4\networkedgameclient3\debug\deathzone.nativecodeanalysis.xml
d:\huang\huang yuanmin\fdu\2019-2020fdu notes\1 at ncsu\game engine foundation\code\homework4\networkedgameclient3\debug\character.nativecodeanalysis.sarif
d:\huang\huang yuanmin\fdu\2019-2020fdu notes\1 at ncsu\game engine foundation\code\homework4\networkedgameclient3\debug\character.nativecodeanalysis.xml
d:\huang\huang yuanmin\fdu\2019-2020fdu notes\1 at ncsu\game engine foundation\code\homework4\networkedgameclient3\debug\client.nativecodeanalysis.sarif
d:\huang\huang yuanmin\fdu\2019-2020fdu notes\1 at ncsu\game engine foundation\code\homework4\networkedgameclient3\debug\client.nativecodeanalysis.xml
d:\huang\huang yuanmin\fdu\2019-2020fdu notes\1 at ncsu\game engine foundation\code\homework4\networkedgameclient3\debug\renderable.nativecodeanalysis.sarif
d:\huang\huang yuanmin\fdu\2019-2020fdu notes\1 at ncsu\game engine foundation\code\homework4\networkedgameclient3\debug\renderable.nativecodeanalysis.xml
d:\huang\huang yuanmin\fdu\2019-2020fdu notes\1 at ncsu\game engine foundation\code\homework4\networkedgameclient3\debug\movable.nativecodeanalysis.sarif
d:\huang\huang yuanmin\fdu\2019-2020fdu notes\1 at ncsu\game engine foundation\code\homework4\networkedgameclient3\debug\movable.nativecodeanalysis.xml
d:\huang\huang yuanmin\fdu\2019-2020fdu notes\1 at ncsu\game engine foundation\code\homework4\networkedgameclient3\debug\collidable.nativecodeanalysis.sarif
d:\huang\huang yuanmin\fdu\2019-2020fdu notes\1 at ncsu\game engine foundation\code\homework4\networkedgameclient3\debug\collidable.nativecodeanalysis.xml
d:\huang\huang yuanmin\fdu\2019-2020fdu notes\1 at ncsu\game engine foundation\code\homework4\networkedgameclient3\debug\collidable.obj
d:\huang\huang yuanmin\fdu\2019-2020fdu notes\1 at ncsu\game engine foundation\code\homework4\networkedgameclient3\debug\movable.obj
d:\huang\huang yuanmin\fdu\2019-2020fdu notes\1 at ncsu\game engine foundation\code\homework4\networkedgameclient3\debug\renderable.obj
d:\huang\huang yuanmin\fdu\2019-2020fdu notes\1 at ncsu\game engine foundation\code\homework4\networkedgameclient3\debug\client.obj
d:\huang\huang yuanmin\fdu\2019-2020fdu notes\1 at ncsu\game engine foundation\code\homework4\networkedgameclient3\debug\character.obj
d:\huang\huang yuanmin\fdu\2019-2020fdu notes\1 at ncsu\game engine foundation\code\homework4\networkedgameclient3\debug\deathzone.obj
d:\huang\huang yuanmin\fdu\2019-2020fdu notes\1 at ncsu\game engine foundation\code\homework4\networkedgameclient3\debug\movingplatform.obj
d:\huang\huang yuanmin\fdu\2019-2020fdu notes\1 at ncsu\game engine foundation\code\homework4\networkedgameclient3\debug\sideboundary.obj
d:\huang\huang yuanmin\fdu\2019-2020fdu notes\1 at ncsu\game engine foundation\code\homework4\networkedgameclient3\debug\spawnpoint.obj
d:\huang\huang yuanmin\fdu\2019-2020fdu notes\1 at ncsu\game engine foundation\code\homework4\networkedgameclient3\debug\localtime.obj
d:\huang\huang yuanmin\fdu\2019-2020fdu notes\1 at ncsu\game engine foundation\code\homework4\networkedgameclient3\debug\gametime.obj
d:\huang\huang yuanmin\fdu\2019-2020fdu notes\1 at ncsu\game engine foundation\code\homework4\networkedgameclient3\debug\main.obj
d:\huang\huang yuanmin\fdu\2019-2020fdu notes\1 at ncsu\game engine foundation\code\homework4\debug\networkedgameclient3.ilk
d:\huang\huang yuanmin\fdu\2019-2020fdu notes\1 at ncsu\game engine foundation\code\homework4\debug\networkedgameclient3.exe
d:\huang\huang yuanmin\fdu\2019-2020fdu notes\1 at ncsu\game engine foundation\code\homework4\debug\networkedgameclient3.pdb
d:\huang\huang yuanmin\fdu\2019-2020fdu notes\1 at ncsu\game engine foundation\code\homework4\networkedgameclient3\debug\nativecodeanalysis.read.1.tlog
d:\huang\huang yuanmin\fdu\2019-2020fdu notes\1 at ncsu\game engine foundation\code\homework4\networkedgameclient3\debug\vc.nativecodeanalysis.all.xml
d:\huang\huang yuanmin\fdu\2019-2020fdu notes\1 at ncsu\game engine foundation\code\homework4\networkedgameclient3\debug\networke.6c745d9a.tlog\cl.command.1.tlog
d:\huang\huang yuanmin\fdu\2019-2020fdu notes\1 at ncsu\game engine foundation\code\homework4\networkedgameclient3\debug\networke.6c745d9a.tlog\cl.read.1.tlog
d:\huang\huang yuanmin\fdu\2019-2020fdu notes\1 at ncsu\game engine foundation\code\homework4\networkedgameclient3\debug\networke.6c745d9a.tlog\cl.write.1.tlog
d:\huang\huang yuanmin\fdu\2019-2020fdu notes\1 at ncsu\game engine foundation\code\homework4\networkedgameclient3\debug\networke.6c745d9a.tlog\link.command.1.tlog
d:\huang\huang yuanmin\fdu\2019-2020fdu notes\1 at ncsu\game engine foundation\code\homework4\networkedgameclient3\debug\networke.6c745d9a.tlog\link.read.1.tlog
d:\huang\huang yuanmin\fdu\2019-2020fdu notes\1 at ncsu\game engine foundation\code\homework4\networkedgameclient3\debug\networke.6c745d9a.tlog\link.write.1.tlog
