C:\Program Files (x86)\Microsoft Visual Studio\2019\Community\MSBuild\Microsoft\VC\v160\Microsoft.CppBuild.targets(459,5): warning MSB8028: The intermediate directory (Debug\) contains files shared from another project (NetworkedGameClient.vcxproj, NetworkedGameClient1.vcxproj).  This can lead to incorrect clean and rebuild behavior.
  Collidable.cpp
  Movable.cpp
  Renderable.cpp
  EEndPlaying.cpp
  EEndREC.cpp
  EStartREC.cpp
  ECharCollision.cpp
  ECharDeath.cpp
  ECharSpawn.cpp
  EObjMovement.cpp
  EUserInput.cpp
  Event.cpp
  EventHandler.cpp
  EventManager.cpp
  Variant.cpp
  Client.cpp
  Character.cpp
  DeathZone.cpp
  MovingPlatform.cpp
  SideBoundary.cpp
  正在生成代码...
  正在编译...
  SpawnPoint.cpp
  Replay.cpp
  LocalTime.cpp
  GameTime.cpp
  main.cpp
  正在生成代码...
  2DPlatformerClient.vcxproj -> D:\Huang\Huang Yuanmin\FDU\2019-2020FDU Notes\1 at NCSU\Game Engine Foundation\Code\Homework5\Debug\2DPlatformerClient.exe
