  Character.cpp
D:\Huang\Huang Yuanmin\FDU\2019-2020FDU Notes\1 at NCSU\Game Engine Foundation\Code\Homework2\NetworkedGameClient\Objects\Character.cpp(19,63): warning C4244:  “参数”: 从“double”转换到“T”，可能丢失数据
D:\Huang\Huang Yuanmin\FDU\2019-2020FDU Notes\1 at NCSU\Game Engine Foundation\Code\Homework2\NetworkedGameClient\Objects\Character.cpp(19,63): warning C4244:         with
D:\Huang\Huang Yuanmin\FDU\2019-2020FDU Notes\1 at NCSU\Game Engine Foundation\Code\Homework2\NetworkedGameClient\Objects\Character.cpp(19,63): warning C4244:         [
D:\Huang\Huang Yuanmin\FDU\2019-2020FDU Notes\1 at NCSU\Game Engine Foundation\Code\Homework2\NetworkedGameClient\Objects\Character.cpp(19,63): warning C4244:             T=float
D:\Huang\Huang Yuanmin\FDU\2019-2020FDU Notes\1 at NCSU\Game Engine Foundation\Code\Homework2\NetworkedGameClient\Objects\Character.cpp(19,63): warning C4244:         ]
D:\Huang\Huang Yuanmin\FDU\2019-2020FDU Notes\1 at NCSU\Game Engine Foundation\Code\Homework2\NetworkedGameClient\Objects\Character.cpp(19,38): warning C4244:  “参数”: 从“double”转换到“T”，可能丢失数据
D:\Huang\Huang Yuanmin\FDU\2019-2020FDU Notes\1 at NCSU\Game Engine Foundation\Code\Homework2\NetworkedGameClient\Objects\Character.cpp(19,38): warning C4244:         with
D:\Huang\Huang Yuanmin\FDU\2019-2020FDU Notes\1 at NCSU\Game Engine Foundation\Code\Homework2\NetworkedGameClient\Objects\Character.cpp(19,38): warning C4244:         [
D:\Huang\Huang Yuanmin\FDU\2019-2020FDU Notes\1 at NCSU\Game Engine Foundation\Code\Homework2\NetworkedGameClient\Objects\Character.cpp(19,38): warning C4244:             T=float
D:\Huang\Huang Yuanmin\FDU\2019-2020FDU Notes\1 at NCSU\Game Engine Foundation\Code\Homework2\NetworkedGameClient\Objects\Character.cpp(19,38): warning C4244:         ]
D:\Huang\Huang Yuanmin\FDU\2019-2020FDU Notes\1 at NCSU\Game Engine Foundation\Code\Homework2\NetworkedGameClient\Objects\Character.cpp(46,31): warning C4244:  “参数”: 从“double”转换到“T”，可能丢失数据
D:\Huang\Huang Yuanmin\FDU\2019-2020FDU Notes\1 at NCSU\Game Engine Foundation\Code\Homework2\NetworkedGameClient\Objects\Character.cpp(46,31): warning C4244:         with
D:\Huang\Huang Yuanmin\FDU\2019-2020FDU Notes\1 at NCSU\Game Engine Foundation\Code\Homework2\NetworkedGameClient\Objects\Character.cpp(46,31): warning C4244:         [
D:\Huang\Huang Yuanmin\FDU\2019-2020FDU Notes\1 at NCSU\Game Engine Foundation\Code\Homework2\NetworkedGameClient\Objects\Character.cpp(46,31): warning C4244:             T=float
D:\Huang\Huang Yuanmin\FDU\2019-2020FDU Notes\1 at NCSU\Game Engine Foundation\Code\Homework2\NetworkedGameClient\Objects\Character.cpp(46,31): warning C4244:         ]
D:\Huang\Huang Yuanmin\FDU\2019-2020FDU Notes\1 at NCSU\Game Engine Foundation\Code\Homework2\NetworkedGameClient\Objects\Character.cpp(47,44): warning C4244:  “参数”: 从“double”转换到“T”，可能丢失数据
D:\Huang\Huang Yuanmin\FDU\2019-2020FDU Notes\1 at NCSU\Game Engine Foundation\Code\Homework2\NetworkedGameClient\Objects\Character.cpp(47,44): warning C4244:         with
D:\Huang\Huang Yuanmin\FDU\2019-2020FDU Notes\1 at NCSU\Game Engine Foundation\Code\Homework2\NetworkedGameClient\Objects\Character.cpp(47,44): warning C4244:         [
D:\Huang\Huang Yuanmin\FDU\2019-2020FDU Notes\1 at NCSU\Game Engine Foundation\Code\Homework2\NetworkedGameClient\Objects\Character.cpp(47,44): warning C4244:             T=float
D:\Huang\Huang Yuanmin\FDU\2019-2020FDU Notes\1 at NCSU\Game Engine Foundation\Code\Homework2\NetworkedGameClient\Objects\Character.cpp(47,44): warning C4244:         ]
D:\Huang\Huang Yuanmin\FDU\2019-2020FDU Notes\1 at NCSU\Game Engine Foundation\Code\Homework2\NetworkedGameClient\Objects\Character.cpp(48,20): warning C4244:  “参数”: 从“double”转换到“T”，可能丢失数据
D:\Huang\Huang Yuanmin\FDU\2019-2020FDU Notes\1 at NCSU\Game Engine Foundation\Code\Homework2\NetworkedGameClient\Objects\Character.cpp(48,20): warning C4244:         with
D:\Huang\Huang Yuanmin\FDU\2019-2020FDU Notes\1 at NCSU\Game Engine Foundation\Code\Homework2\NetworkedGameClient\Objects\Character.cpp(48,20): warning C4244:         [
D:\Huang\Huang Yuanmin\FDU\2019-2020FDU Notes\1 at NCSU\Game Engine Foundation\Code\Homework2\NetworkedGameClient\Objects\Character.cpp(48,20): warning C4244:             T=float
D:\Huang\Huang Yuanmin\FDU\2019-2020FDU Notes\1 at NCSU\Game Engine Foundation\Code\Homework2\NetworkedGameClient\Objects\Character.cpp(48,20): warning C4244:         ]
D:\Huang\Huang Yuanmin\FDU\2019-2020FDU Notes\1 at NCSU\Game Engine Foundation\Code\Homework2\NetworkedGameClient\Objects\Character.cpp(49,24): warning C4244:  “参数”: 从“double”转换到“T”，可能丢失数据
D:\Huang\Huang Yuanmin\FDU\2019-2020FDU Notes\1 at NCSU\Game Engine Foundation\Code\Homework2\NetworkedGameClient\Objects\Character.cpp(49,24): warning C4244:         with
D:\Huang\Huang Yuanmin\FDU\2019-2020FDU Notes\1 at NCSU\Game Engine Foundation\Code\Homework2\NetworkedGameClient\Objects\Character.cpp(49,24): warning C4244:         [
D:\Huang\Huang Yuanmin\FDU\2019-2020FDU Notes\1 at NCSU\Game Engine Foundation\Code\Homework2\NetworkedGameClient\Objects\Character.cpp(49,24): warning C4244:             T=float
D:\Huang\Huang Yuanmin\FDU\2019-2020FDU Notes\1 at NCSU\Game Engine Foundation\Code\Homework2\NetworkedGameClient\Objects\Character.cpp(49,24): warning C4244:         ]
D:\Huang\Huang Yuanmin\FDU\2019-2020FDU Notes\1 at NCSU\Game Engine Foundation\Code\Homework2\NetworkedGameClient\Objects\Character.cpp(118,39): warning C4244:  “+=”: 从“double”转换到“T”，可能丢失数据
D:\Huang\Huang Yuanmin\FDU\2019-2020FDU Notes\1 at NCSU\Game Engine Foundation\Code\Homework2\NetworkedGameClient\Objects\Character.cpp(118,39): warning C4244:         with
D:\Huang\Huang Yuanmin\FDU\2019-2020FDU Notes\1 at NCSU\Game Engine Foundation\Code\Homework2\NetworkedGameClient\Objects\Character.cpp(118,39): warning C4244:         [
D:\Huang\Huang Yuanmin\FDU\2019-2020FDU Notes\1 at NCSU\Game Engine Foundation\Code\Homework2\NetworkedGameClient\Objects\Character.cpp(118,39): warning C4244:             T=float
D:\Huang\Huang Yuanmin\FDU\2019-2020FDU Notes\1 at NCSU\Game Engine Foundation\Code\Homework2\NetworkedGameClient\Objects\Character.cpp(118,39): warning C4244:         ]
  NetworkedGameClient.vcxproj -> D:\Huang\Huang Yuanmin\FDU\2019-2020FDU Notes\1 at NCSU\Game Engine Foundation\Code\Homework2\Debug\NetworkedGameClient.exe
